

<!DOCTYPE html>
<html>
<head>
<meta charset="UTF-8">
<meta name="viewport" content="width=device-width, initial-scale=1, shrink-to-fit=no">
<title></title>
<link rel="apple-touch-icon" href="https://cdn.jsdelivr.net/gh/extent-framework/extent-github-cdn@b00a2d0486596e73dd7326beacf352c639623a0e/commons/img/logo.png">
<link rel="shortcut icon" href="https://cdn.jsdelivr.net/gh/extent-framework/extent-github-cdn@b00a2d0486596e73dd7326beacf352c639623a0e/commons/img/logo.png">
<link href="https://cdn.jsdelivr.net/gh/extent-framework/extent-github-cdn@ce8b10435bcbae260c334c0d0c6b61d2c19b6168/spark/css/spark-style.css" rel="stylesheet" />
<link href="https://stackpath.bootstrapcdn.com/font-awesome/4.7.0/css/font-awesome.min.css" rel="stylesheet">
<script src="https://cdn.jsdelivr.net/gh/extent-framework/extent-github-cdn@7cc78ce/spark/js/jsontree.js"></script>
<style type="text/css"></style></head><body class="spa bdd-report standard">
  <div class="app">
    <div class="layout">
<div class="header navbar">
<div class="vheader">
<div class="nav-logo">
<a href="#">
<div class="logo" style="background-image: url('https://cdn.jsdelivr.net/gh/extent-framework/extent-github-cdn@b00a2d0486596e73dd7326beacf352c639623a0e/commons/img/logo.png')"></div>
</a>
</div>
<ul class="nav-left">
<li class="search-box">
<a class="search-toggle" href="#">
<i class="search-icon fa fa-search"></i>
<i class="search-icon-close fa fa-close"></i>
</a>
</li>
<li class="search-input"><input id="search-tests" class="form-control" type="text" placeholder="Search..."></li>
</ul>
<ul class="nav-right">
<li class="m-r-10">
<a href="#"><span class="badge badge-primary"></span></a>
</li>
<li class="m-r-10">
<a href="#"><span class="badge badge-primary">Oct 22, 2024 03:00:57 AM</span></a>
</li>
</ul>
</div>
</div><div class="side-nav">
<div class="side-nav-inner">
<ul class="side-nav-menu">
<li class="nav-item dropdown" onclick="toggleView('test-view')">
<a id="nav-test" class="dropdown-toggle" href="#">
<span class="ico"><i class="fa fa-list"></i></span>
</a>
</li>
<li class="nav-item dropdown" onclick="toggleView('exception-view')">
<a id="nav-exception" class="dropdown-toggle" href="#">
<span class="ico"><i class="fa fa-bug"></i></span>
</a>
</li>
<li class="nav-item dropdown" onclick="toggleView('category-view')">
<a id="nav-category" class="dropdown-toggle" href="#">
<span class="ico"><i class="fa fa-tag"></i></span>
</a>
</li>
<li class="nav-item dropdown" onclick="toggleView('dashboard-view')">
<a id="nav-dashboard" class="dropdown-toggle" href="#">
<span class="ico"><i class="fa fa-bar-chart"></i></span>
</a>
</li>
</ul>
</div>
</div>      <div class="vcontainer">
        <div class="main-content">
<div class="test-wrapper row view test-view">
  <div class="test-list">
    <div class="test-list-tools">
<ul class="tools pull-left">
<li><a href="#"><span class="font-size-14">Tests</span></a></li>
</ul>
<ul class="tools text-right">
<li class="dropdown">
<a href="#" class="dropdown-toggle" data-toggle="dropdown"><i class="fa fa-exclamation-circle"></i></a>
<ul id="status-toggle" class="dropdown-menu dropdown-md p-v-0">
<a class="dropdown-item" status="pass" href="#"><span>Pass</span><span class="status success"></span></a>
<a class="dropdown-item" status="fail" href="#"><span>Fail</span><span class="status danger"></span></a>
<div class="dropdown-divider"></div>
<a status="clear" class="dropdown-item" href="#"><span>Clear</span><span class="pull-right"><i class="fa fa-close"></i></span></a>
</ul>
</li>
<li class="dropdown">
<a href="#" class="dropdown-toggle" data-toggle="dropdown"><i class="fa fa-tag"></i></a>
<ul id="tag-toggle" class="dropdown-menu dropdown-md p-v-0">
<a class="dropdown-item" href="#">@AdminLogin</a><a class="dropdown-item" href="#">@UserLogin</a>
</ul>
</li>
</ul>
</div>    <div class="test-list-wrapper scrollable">
      <ul class="test-list-item">
        <li class="test-item"  status="pass" test-id="1"
          author=""
          tag=""
          device="">
          <div class="test-detail">
            <p class="name">Admin Portal Login</p>
            <p class="text-sm">
              <span>3:00:58 AM</span> / <span>00:00:13:384</span>
              <span class="badge pass-bg log float-right">Pass</span>
            </p>
          </div>
          <div class="test-contents d-none">
<div class="detail-head">
<div class="p-v-10">
<div class="info">
<h5 class="test-status text-pass">Admin Portal Login</h5>
<span class='badge badge-success'>10.22.2024 3:00:58 AM</span>
<span class='badge badge-danger'>10.22.2024 3:01:11 AM</span>
<span class='badge badge-default'>00:00:13:384</span>
&middot; <span class='uri-anchor badge badge-default'>#test-id=1</span>
<span title='Skip to the next failed step' class='badge badge-danger pointer float-right ne ml-1'><i class="fa fa-fast-forward"></i></span>
<span title='Collapse all nodes' class='badge badge-default pointer float-right ct ml-1'><i class="fa fa-compress"></i></span>
<span title='Expand all nodes' class='badge badge-default pointer float-right et'><i class="fa fa-expand"></i></span>
</div>
<div class="m-t-10 m-l-5"></div>
</div>
</div>
<div class="accordion mt-4">
  <div class="card">
    <div class="card-header" role="tab">
      <div class="card-title">
        <div class="node" id="2"><span class="badge log pass-bg mr-2">Pass</span>Employee login successfully with valid credentials</div>
      </div>
    </div>
        <div class="collapse">
          <div class="card-body">
              <div class="step pass-bg" title="StepDefinitions.AdminLoginDefinition.user_is_on_admin_login_page()">
                <span>Given user is on admin login page</span>
      <div>
      </div>
              </div>
              <div class="step pass-bg" title="StepDefinitions.AdminLoginDefinition.user_enters_employeeusername_and_employeepassword_and_click_on_login_button()">
                <span>When user enters employeeusername and employeepassword and click on login button</span>
      <div>
      </div>
              </div>
              <div class="step pass-bg" title="StepDefinitions.AdminLoginDefinition.user_is_navigated_to_the_admin_services_list()">
                <span>Then user is navigated to the Admin Services List</span>
      <div>
      </div>
              </div>
          </div>
        </div>
  </div>
</div>
          </div>
        </li>
        <li class="test-item"  status="fail" test-id="7"
          author=""
          tag=""
          device="">
          <div class="test-detail">
            <p class="name">User Applay For New Initial Approval Request Successfully</p>
            <p class="text-sm">
              <span>3:01:11 AM</span> / <span>00:01:50:314</span>
              <span class="badge fail-bg log float-right">Fail</span>
            </p>
          </div>
          <div class="test-contents d-none">
<div class="detail-head">
<div class="p-v-10">
<div class="info">
<h5 class="test-status text-fail">User Applay For New Initial Approval Request Successfully</h5>
<span class='badge badge-success'>10.22.2024 3:01:11 AM</span>
<span class='badge badge-danger'>10.22.2024 3:03:01 AM</span>
<span class='badge badge-default'>00:01:50:314</span>
&middot; <span class='uri-anchor badge badge-default'>#test-id=7</span>
<span title='Skip to the next failed step' class='badge badge-danger pointer float-right ne ml-1'><i class="fa fa-fast-forward"></i></span>
<span title='Collapse all nodes' class='badge badge-default pointer float-right ct ml-1'><i class="fa fa-compress"></i></span>
<span title='Expand all nodes' class='badge badge-default pointer float-right et'><i class="fa fa-expand"></i></span>
</div>
<div class="m-t-10 m-l-5"></div>
</div>
</div>
<div class="accordion mt-4">
  <div class="card">
    <div class="card-header" role="tab">
      <div class="card-title">
        <div class="node" id="8"><span class="badge log fail-bg mr-2">Fail</span>Check Thet  User Can Applay For New Initial Approval Request Successfully</div>
      </div>
    </div>
        <div class="">
          <div class="card-body">
              <div class="step pass-bg" title="StepDefinitions.UserApplayforInitialApprovalRequestDefinition.user_loged_in_and_is_on_workspace_page()">
                <span>Given User loged in and is on Workspace Page</span>
      <div>
      </div>
              </div>
              <div class="step pass-bg" title="StepDefinitions.UserApplayforInitialApprovalRequestDefinition.user_navigats_to_the_services_screen()">
                <span>When User Navigats to The Services Screen</span>
      <div>
      </div>
              </div>
              <div class="step pass-bg" title="StepDefinitions.UserApplayforInitialApprovalRequestDefinition.user_starts_new_initial_approval_request()">
                <span>Then User Starts New Initial Approval Request</span>
      <div>
      </div>
              </div>
              <div class="step pass-bg" title="StepDefinitions.UserApplayforInitialApprovalRequestDefinition.user_is_navigated_to_personal_data_screen()">
                <span>Then User is Navigated to Personal Data Screen</span>
      <div>
      </div>
              </div>
              <div class="step pass-bg" title="StepDefinitions.UserApplayforInitialApprovalRequestDefinition.user_clicks_on_next_button_in_application_information_step()">
                <span>When User Clicks on Next Button in Application Information Step</span>
      <div>
      </div>
              </div>
              <div class="step pass-bg" title="StepDefinitions.UserApplayforInitialApprovalRequestDefinition.user_enters_owner_s_personal_details()">
                <span>Then User Enters Owner's Personal Details</span>
      <div>
      </div>
              </div>
              <div class="step pass-bg" title="StepDefinitions.UserApplayforInitialApprovalRequestDefinition.user_enters_owner_s_passport_details()">
                <span>Then User Enters Owner's Passport Details</span>
      <div>
      </div>
              </div>
              <div class="step pass-bg" title="StepDefinitions.UserApplayforInitialApprovalRequestDefinition.user_enters__enters_residence_details()">
                <span>Then User Enters Residence Details</span>
      <div>
      </div>
              </div>
              <div class="step pass-bg" title="StepDefinitions.UserApplayforInitialApprovalRequestDefinition.user_enters_owner_s_qualifications_details()">
                <span>Then User Enters Owner's Qualifications Details</span>
      <div>
      </div>
              </div>
              <div class="step pass-bg" title="StepDefinitions.UserApplayforInitialApprovalRequestDefinition.user_enters_Marital_Statusdetails()">
                <span>Then User Enters Marital Status Details</span>
      <div>
      </div>
              </div>
              <div class="step pass-bg" title="StepDefinitions.UserApplayforInitialApprovalRequestDefinition.user_enters_owner_s_father_and_mother_details()">
                <span>Then User Enters Owner's Father and Mother Details</span>
      <div>
      </div>
              </div>
              <div class="step pass-bg" title="StepDefinitions.UserApplayforInitialApprovalRequestDefinition.user_enters_owner_s_housing_details()">
                <span>Then User Enters Owner's Housing Details</span>
      <div>
      </div>
              </div>
              <div class="step pass-bg" title="StepDefinitions.UserApplayforInitialApprovalRequestDefinition.user_enters_owner_s_shared_percentage_details()">
                <span>Then User Enters Owner's Shared Percentage Details</span>
      <div>
      </div>
              </div>
              <div class="step pass-bg" title="StepDefinitions.UserApplayforInitialApprovalRequestDefinition.user_enters_school_details()">
                <span>Then User Enters School Details</span>
      <div>
      </div>
              </div>
              <div class="step pass-bg" title="StepDefinitions.UserApplayforInitialApprovalRequestDefinition.user_enters_curriculum_details()">
                <span>Then User Enters Curriculum Details</span>
      <div>
      </div>
              </div>
              <div class="step pass-bg" title="StepDefinitions.UserApplayforInitialApprovalRequestDefinition.user_downloads_intoduction_documents()">
                <span>Then User Downloads Intoduction Documents</span>
      <div>
      </div>
              </div>
              <div class="step fail-bg" title="StepDefinitions.UserApplayforInitialApprovalRequestDefinition.user_uploads_intoduction_document()">
                <span>Then User Uploads Intoduction Document</span>
      <div>
        <textarea disabled class="code-block">java.lang.NumberFormatException: For input string: ""
	at java.base/java.lang.NumberFormatException.forInputString(NumberFormatException.java:67)
	at java.base/java.lang.Integer.parseInt(Integer.java:678)
	at java.base/java.lang.Integer.parseInt(Integer.java:786)
	at UserPortalPagesActions.InitialApplovalDocumentsPageActions.uploadDocument(InitialApplovalDocumentsPageActions.java:50)
	at StepDefinitions.UserApplayforInitialApprovalRequestDefinition.user_uploads_intoduction_document(UserApplayforInitialApprovalRequestDefinition.java:153)
	at ✽.User Uploads Intoduction Document(file:///D:/My%20Projects/BDD_APECO/src/test/resources/Features/UserApplayforInitialApprovalRequest.feature:23)
</textarea>
      
      </div>
              </div>
          </div>
        </div>
  </div>
</div>
          </div>
        </li>
        <li class="test-item"  status="fail" test-id="27"
          author=""
          tag=""
          device="">
          <div class="test-detail">
            <p class="name">User Applay For New International Travel Request Successfully</p>
            <p class="text-sm">
              <span>3:03:01 AM</span> / <span>00:00:17:872</span>
              <span class="badge fail-bg log float-right">Fail</span>
            </p>
          </div>
          <div class="test-contents d-none">
<div class="detail-head">
<div class="p-v-10">
<div class="info">
<h5 class="test-status text-fail">User Applay For New International Travel Request Successfully</h5>
<span class='badge badge-success'>10.22.2024 3:03:01 AM</span>
<span class='badge badge-danger'>10.22.2024 3:03:19 AM</span>
<span class='badge badge-default'>00:00:17:872</span>
&middot; <span class='uri-anchor badge badge-default'>#test-id=27</span>
<span title='Skip to the next failed step' class='badge badge-danger pointer float-right ne ml-1'><i class="fa fa-fast-forward"></i></span>
<span title='Collapse all nodes' class='badge badge-default pointer float-right ct ml-1'><i class="fa fa-compress"></i></span>
<span title='Expand all nodes' class='badge badge-default pointer float-right et'><i class="fa fa-expand"></i></span>
</div>
<div class="m-t-10 m-l-5"></div>
</div>
</div>
<div class="accordion mt-4">
  <div class="card">
    <div class="card-header" role="tab">
      <div class="card-title">
        <div class="node" id="28"><span class="badge log fail-bg mr-2">Fail</span>Check Thet  User Applay For New International Travel Request Successfully</div>
      </div>
    </div>
        <div class="">
          <div class="card-body">
              <div class="step fail-bg" title="StepDefinitions.UserApplayforApprovalforInternationalTravelDefinition.user_starts_new_international_travel_request()">
                <span>Then User Starts New  International Travel Request</span>
      <div>
        <textarea disabled class="code-block">org.openqa.selenium.NoSuchElementException: no such element: Unable to locate element: {"method":"xpath","selector":"//span[normalize-space()='Approval for International Travel']"}
  (Session info: chrome=130.0.6723.58)
For documentation on this error, please visit: https://www.selenium.dev/documentation/webdriver/troubleshooting/errors#no-such-element-exception
Build info: version: '4.25.0', revision: '8a8aea2337'
System info: os.name: 'Windows 11', os.arch: 'amd64', os.version: '10.0', java.version: '17.0.8'
Driver info: org.openqa.selenium.chrome.ChromeDriver
Command: [c7bf5b6092c26cd8eaf2e9f0a98306eb, findElement {using=xpath, value=//span[normalize-space()='Approval for International Travel']}]
Capabilities {acceptInsecureCerts: false, browserName: chrome, browserVersion: 130.0.6723.58, chrome: {chromedriverVersion: 130.0.6723.58 (3a50e012e4c9..., userDataDir: C:\Users\Fatma\AppData\Loca...}, fedcm:accounts: true, goog:chromeOptions: {debuggerAddress: localhost:55692}, networkConnectionEnabled: false, pageLoadStrategy: normal, platformName: windows, proxy: Proxy(), se:cdp: ws://localhost:55692/devtoo..., se:cdpVersion: 130.0.6723.58, setWindowRect: true, strictFileInteractability: false, timeouts: {implicit: 0, pageLoad: 300000, script: 30000}, unhandledPromptBehavior: dismiss and notify, webauthn:extension:credBlob: true, webauthn:extension:largeBlob: true, webauthn:extension:minPinLength: true, webauthn:extension:prf: true, webauthn:virtualAuthenticators: true}
Session ID: c7bf5b6092c26cd8eaf2e9f0a98306eb
	at java.base/jdk.internal.reflect.NativeConstructorAccessorImpl.newInstance0(Native Method)
	at java.base/jdk.internal.reflect.NativeConstructorAccessorImpl.newInstance(NativeConstructorAccessorImpl.java:77)
	at java.base/jdk.internal.reflect.DelegatingConstructorAccessorImpl.newInstance(DelegatingConstructorAccessorImpl.java:45)
	at java.base/java.lang.reflect.Constructor.newInstanceWithCaller(Constructor.java:499)
	at java.base/java.lang.reflect.Constructor.newInstance(Constructor.java:480)
	at org.openqa.selenium.remote.ErrorCodec.decode(ErrorCodec.java:167)
	at org.openqa.selenium.remote.codec.w3c.W3CHttpResponseCodec.decode(W3CHttpResponseCodec.java:138)
	at org.openqa.selenium.remote.codec.w3c.W3CHttpResponseCodec.decode(W3CHttpResponseCodec.java:50)
	at org.openqa.selenium.remote.HttpCommandExecutor.execute(HttpCommandExecutor.java:190)
	at org.openqa.selenium.remote.service.DriverCommandExecutor.invokeExecute(DriverCommandExecutor.java:216)
	at org.openqa.selenium.remote.service.DriverCommandExecutor.execute(DriverCommandExecutor.java:174)
	at org.openqa.selenium.remote.RemoteWebDriver.execute(RemoteWebDriver.java:545)
	at org.openqa.selenium.remote.ElementLocation$ElementFinder$2.findElement(ElementLocation.java:165)
	at org.openqa.selenium.remote.ElementLocation.findElement(ElementLocation.java:59)
	at org.openqa.selenium.remote.RemoteWebDriver.findElement(RemoteWebDriver.java:368)
	at org.openqa.selenium.remote.RemoteWebDriver.findElement(RemoteWebDriver.java:362)
	at org.openqa.selenium.support.pagefactory.DefaultElementLocator.findElement(DefaultElementLocator.java:68)
	at org.openqa.selenium.support.pagefactory.internal.LocatingElementHandler.invoke(LocatingElementHandler.java:38)
	at jdk.proxy2/jdk.proxy2.$Proxy26.click(Unknown Source)
	at UserPortalPagesActions.UserServicesPageActions.clickInternationalTravelServiceLink(UserServicesPageActions.java:66)
	at StepDefinitions.UserApplayforApprovalforInternationalTravelDefinition.user_starts_new_international_travel_request(UserApplayforApprovalforInternationalTravelDefinition.java:37)
	at ✽.User Starts New  International Travel Request(file:///D:/My%20Projects/BDD_APECO/src/test/resources/Features/UserApplayforInternationalTravelRequest.feature:9)
</textarea>
      
      </div>
              </div>
              <div class="step skip-bg" title="StepDefinitions.UserApplayforApprovalforInternationalTravelDefinition.user_enters_valid_data_in_all_fields_and_sumbits_the_requesttt()">
                <span>Then User Enters Valid Data in All Fields and Sumbits The Requesttt</span>
      <div>Step skipped
      </div>
              </div>
          </div>
        </div>
  </div>
</div>
          </div>
        </li>
        <li class="test-item"  status="fail" test-id="32"
          author=""
          tag=""
          device="">
          <div class="test-detail">
            <p class="name">User Applay For New Publishing Announcements for Private Schools Request Successfully</p>
            <p class="text-sm">
              <span>3:03:19 AM</span> / <span>00:00:29:803</span>
              <span class="badge fail-bg log float-right">Fail</span>
            </p>
          </div>
          <div class="test-contents d-none">
<div class="detail-head">
<div class="p-v-10">
<div class="info">
<h5 class="test-status text-fail">User Applay For New Publishing Announcements for Private Schools Request Successfully</h5>
<span class='badge badge-success'>10.22.2024 3:03:19 AM</span>
<span class='badge badge-danger'>10.22.2024 3:03:49 AM</span>
<span class='badge badge-default'>00:00:29:803</span>
&middot; <span class='uri-anchor badge badge-default'>#test-id=32</span>
<span title='Skip to the next failed step' class='badge badge-danger pointer float-right ne ml-1'><i class="fa fa-fast-forward"></i></span>
<span title='Collapse all nodes' class='badge badge-default pointer float-right ct ml-1'><i class="fa fa-compress"></i></span>
<span title='Expand all nodes' class='badge badge-default pointer float-right et'><i class="fa fa-expand"></i></span>
</div>
<div class="m-t-10 m-l-5"></div>
</div>
</div>
<div class="accordion mt-4">
  <div class="card">
    <div class="card-header" role="tab">
      <div class="card-title">
        <div class="node" id="33"><span class="badge log fail-bg mr-2">Fail</span>Check Thet  User Can Applay For New Publishing Announcements for Private Schoolsl Request Successfully</div>
      </div>
    </div>
        <div class="">
          <div class="card-body">
              <div class="step pass-bg" title="StepDefinitions.UserApplayforPublishingAnnouncementsforPrivateSchoolsRequestDefinition.user_loged_in_and_is_on_workspace_pagee()">
                <span>Given User Loged in and is on Workspace Pagee</span>
      <div>
      </div>
              </div>
              <div class="step pass-bg" title="StepDefinitions.UserApplayforPublishingAnnouncementsforPrivateSchoolsRequestDefinition.user_navigats_to_the_services_screenn()">
                <span>When User Navigats to The Services Screenn</span>
      <div>
      </div>
              </div>
              <div class="step pass-bg" title="StepDefinitions.UserApplayforPublishingAnnouncementsforPrivateSchoolsRequestDefinition.user_starts_new_publishing_announcements_for_private_schoolsl_requestt()">
                <span>Then User Starts New  Publishing Announcements for Private Schoolsl Requestt</span>
      <div>
      </div>
              </div>
              <div class="step fail-bg" title="StepDefinitions.UserApplayforPublishingAnnouncementsforPrivateSchoolsRequestDefinition.user_enters_valid_data_in_all_fields_and_sumbits_the_requestt()">
                <span>Then User Enters Valid Data in All Fields and Sumbits The Requestt</span>
      <div>
        <textarea disabled class="code-block">org.openqa.selenium.NoSuchElementException: no such element: Unable to locate element: {"method":"css selector","selector":"#channelName"}
  (Session info: chrome=130.0.6723.58)
For documentation on this error, please visit: https://www.selenium.dev/documentation/webdriver/troubleshooting/errors#no-such-element-exception
Build info: version: '4.25.0', revision: '8a8aea2337'
System info: os.name: 'Windows 11', os.arch: 'amd64', os.version: '10.0', java.version: '17.0.8'
Driver info: org.openqa.selenium.chrome.ChromeDriver
Command: [b0d548dced4cf311c15bcbf85626b064, findElement {using=id, value=channelName}]
Capabilities {acceptInsecureCerts: false, browserName: chrome, browserVersion: 130.0.6723.58, chrome: {chromedriverVersion: 130.0.6723.58 (3a50e012e4c9..., userDataDir: C:\Users\Fatma\AppData\Loca...}, fedcm:accounts: true, goog:chromeOptions: {debuggerAddress: localhost:55718}, networkConnectionEnabled: false, pageLoadStrategy: normal, platformName: windows, proxy: Proxy(), se:cdp: ws://localhost:55718/devtoo..., se:cdpVersion: 130.0.6723.58, setWindowRect: true, strictFileInteractability: false, timeouts: {implicit: 0, pageLoad: 300000, script: 30000}, unhandledPromptBehavior: dismiss and notify, webauthn:extension:credBlob: true, webauthn:extension:largeBlob: true, webauthn:extension:minPinLength: true, webauthn:extension:prf: true, webauthn:virtualAuthenticators: true}
Session ID: b0d548dced4cf311c15bcbf85626b064
	at java.base/jdk.internal.reflect.NativeConstructorAccessorImpl.newInstance0(Native Method)
	at java.base/jdk.internal.reflect.NativeConstructorAccessorImpl.newInstance(NativeConstructorAccessorImpl.java:77)
	at java.base/jdk.internal.reflect.DelegatingConstructorAccessorImpl.newInstance(DelegatingConstructorAccessorImpl.java:45)
	at java.base/java.lang.reflect.Constructor.newInstanceWithCaller(Constructor.java:499)
	at java.base/java.lang.reflect.Constructor.newInstance(Constructor.java:480)
	at org.openqa.selenium.remote.ErrorCodec.decode(ErrorCodec.java:167)
	at org.openqa.selenium.remote.codec.w3c.W3CHttpResponseCodec.decode(W3CHttpResponseCodec.java:138)
	at org.openqa.selenium.remote.codec.w3c.W3CHttpResponseCodec.decode(W3CHttpResponseCodec.java:50)
	at org.openqa.selenium.remote.HttpCommandExecutor.execute(HttpCommandExecutor.java:190)
	at org.openqa.selenium.remote.service.DriverCommandExecutor.invokeExecute(DriverCommandExecutor.java:216)
	at org.openqa.selenium.remote.service.DriverCommandExecutor.execute(DriverCommandExecutor.java:174)
	at org.openqa.selenium.remote.RemoteWebDriver.execute(RemoteWebDriver.java:545)
	at org.openqa.selenium.remote.ElementLocation$ElementFinder$2.findElement(ElementLocation.java:165)
	at org.openqa.selenium.remote.ElementLocation.findElement(ElementLocation.java:59)
	at org.openqa.selenium.remote.RemoteWebDriver.findElement(RemoteWebDriver.java:368)
	at org.openqa.selenium.remote.RemoteWebDriver.findElement(RemoteWebDriver.java:362)
	at org.openqa.selenium.support.pagefactory.DefaultElementLocator.findElement(DefaultElementLocator.java:68)
	at org.openqa.selenium.support.pagefactory.internal.LocatingElementHandler.invoke(LocatingElementHandler.java:38)
	at jdk.proxy2/jdk.proxy2.$Proxy26.sendKeys(Unknown Source)
	at UserPortalPagesActions.PublishingAnnouncementsPageActions.submitPublishingAnnouncementsRequest(PublishingAnnouncementsPageActions.java:27)
	at StepDefinitions.UserApplayforPublishingAnnouncementsforPrivateSchoolsRequestDefinition.user_enters_valid_data_in_all_fields_and_sumbits_the_requestt(UserApplayforPublishingAnnouncementsforPrivateSchoolsRequestDefinition.java:45)
	at ✽.User Enters Valid Data in All Fields and Sumbits The Requestt(file:///D:/My%20Projects/BDD_APECO/src/test/resources/Features/UserApplayforPublishingAnnouncementsRequest.feature:10)
</textarea>
      
      </div>
              </div>
          </div>
        </div>
  </div>
</div>
          </div>
        </li>
        <li class="test-item"  status="pass" test-id="39"
          author=""
          tag=""
          device="">
          <div class="test-detail">
            <p class="name">APECO User Login</p>
            <p class="text-sm">
              <span>3:03:49 AM</span> / <span>00:00:08:957</span>
              <span class="badge pass-bg log float-right">Pass</span>
            </p>
          </div>
          <div class="test-contents d-none">
<div class="detail-head">
<div class="p-v-10">
<div class="info">
<h5 class="test-status text-pass">APECO User Login</h5>
<span class='badge badge-success'>10.22.2024 3:03:49 AM</span>
<span class='badge badge-danger'>10.22.2024 3:03:58 AM</span>
<span class='badge badge-default'>00:00:08:957</span>
&middot; <span class='uri-anchor badge badge-default'>#test-id=39</span>
<span title='Skip to the next failed step' class='badge badge-danger pointer float-right ne ml-1'><i class="fa fa-fast-forward"></i></span>
<span title='Collapse all nodes' class='badge badge-default pointer float-right ct ml-1'><i class="fa fa-compress"></i></span>
<span title='Expand all nodes' class='badge badge-default pointer float-right et'><i class="fa fa-expand"></i></span>
</div>
<div class="m-t-10 m-l-5"></div>
</div>
</div>
<div class="accordion mt-4">
  <div class="card">
    <div class="card-header" role="tab">
      <div class="card-title">
        <div class="node" id="40"><span class="badge log pass-bg mr-2">Pass</span>Login with valid credentials</div>
      </div>
    </div>
        <div class="collapse">
          <div class="card-body">
              <div class="step pass-bg" title="StepDefinitions.UserLoginDefinition.user_is_on_login_page()">
                <span>Given User is on login page</span>
      <div>
      </div>
              </div>
              <div class="step pass-bg" title="StepDefinitions.UserLoginDefinition.user_enters_username_and_password_and_click_on_login_button()">
                <span>When User enters username and password and click on login button</span>
      <div>
      </div>
              </div>
              <div class="step pass-bg" title="StepDefinitions.UserLoginDefinition.user_should_be_able_to_login_sucessfully_and_wrokspace_page_opens()">
                <span>Then User should be able to login sucessfully and wrokspace page opens</span>
      <div>
      </div>
              </div>
          </div>
        </div>
  </div>
</div>
          </div>
        </li>
      </ul>
    </div>
  </div>
<div class="test-content scrollable">
<div class="test-content-tools">
<ul><li><a class="back-to-test" href="#"><i class="fa fa-arrow-left"></i></a></li></ul>
</div>
<div class="test-content-detail"><div class="detail-body"></div></div>
</div></div>
<div class="test-wrapper row view exception-view attributes-view">
<div class="test-list">
<div class="test-list-tools">
<ul class="tools pull-left"><li><a href=""><span class="font-size-14">Exception</span></a></li></ul>
<ul class="tools text-right"><li><a href="#"><span class="badge badge-primary">2</span></a></li></ul>
</div>
<div class="test-list-wrapper scrollable">
<ul class="test-list-item">
<li class="test-item">
<div class="test-detail">
<span class="meta">
<span class='badge log badge-danger'>1</span>
</span>
<p class="name">java.lang.NumberFormatException</p>
<p class="duration text-sm">1 tests</p>
</div>
<div class="test-contents d-none">
<div class="info">
<h4>java.lang.NumberFormatException</h4>
<span status="fail" class='badge log badge-danger'>1 failed</span>
</div>
<table class='table table-sm mt-4'>
<thead>
<tr>
<th class="status-col">Status</th>
<th class="timestamp-col">Timestamp</th>
<th>TestName</th>
</tr>
</thead>
<tbody>
<tr class="tag-test-status" status="fail">
<td><span class="badge log fail-bg">Fail</span></td>
<td>03:02:48 AM</td>
<td>
<a href="#" class="linked" test-id='7' id='26'>Then User Uploads Intoduction Document</a>
<div class="">
<span class="badge badge-default">User Applay For New Initial Approval Request Successfully.Check Thet User Can Applay For New Initial Approval Request Successfully.Then User Uploads Intoduction Document</span>
</div>
</td>
</tr>
</tbody>
</table>
</div>
</li>
<li class="test-item">
<div class="test-detail">
<span class="meta">
<span class='badge log badge-danger'>2</span>
</span>
<p class="name">org.openqa.selenium.NoSuchElementException</p>
<p class="duration text-sm">2 tests</p>
</div>
<div class="test-contents d-none">
<div class="info">
<h4>org.openqa.selenium.NoSuchElementException</h4>
<span status="fail" class='badge log badge-danger'>2 failed</span>
</div>
<table class='table table-sm mt-4'>
<thead>
<tr>
<th class="status-col">Status</th>
<th class="timestamp-col">Timestamp</th>
<th>TestName</th>
</tr>
</thead>
<tbody>
<tr class="tag-test-status" status="fail">
<td><span class="badge log fail-bg">Fail</span></td>
<td>03:03:09 AM</td>
<td>
<a href="#" class="linked" test-id='27' id='30'>Then User Starts New International Travel Request</a>
<div class="">
<span class="badge badge-default">User Applay For New International Travel Request Successfully.Check Thet User Applay For New International Travel Request Successfully.Then User Starts New International Travel Request</span>
</div>
</td>
</tr>
<tr class="tag-test-status" status="fail">
<td><span class="badge log fail-bg">Fail</span></td>
<td>03:03:39 AM</td>
<td>
<a href="#" class="linked" test-id='32' id='38'>Then User Enters Valid Data in All Fields and Sumbits The Requestt</a>
<div class="">
<span class="badge badge-default">User Applay For New Publishing Announcements for Private Schools Request Successfully.Check Thet User Can Applay For New Publishing Announcements for Private Schoolsl Request Successfully.Then User Enters Valid Data in All Fields and Sumbits The Requestt</span>
</div>
</td>
</tr>
</tbody>
</table>
</div>
</li>
</ul>
</div>
</div>
<div class="test-content scrollable">
<div class="test-content-detail">
<div class="detail-body"></div>
</div>
</div>
</div><div class="test-wrapper row view category-view attributes-view">
<div class="test-list">
<div class="test-list-tools">
<ul class="tools pull-left"><li><a href=""><span class="font-size-14">Category</span></a></li></ul>
<ul class="tools text-right"><li><a href="#"><span class="badge badge-primary">2</span></a></li></ul>
</div>
<div class="test-list-wrapper scrollable">
<ul class="test-list-item">
<li class="test-item">
<div class="test-detail">
<span class="meta">
<span class='badge log pass-bg'>1</span>
</span>
<p class="name">@AdminLogin</p>
<p class="duration text-sm">1 tests</p>
</div>
<div class="test-contents d-none">
<div class="info">
<h4>@AdminLogin</h4>
<span status="pass" class='badge log pass-bg'>1 passed</span>
</div>
<table class='table table-sm mt-4'>
<thead>
<tr>
<th class="status-col">Status</th>
<th class="timestamp-col">Timestamp</th>
<th>TestName</th>
</tr>
</thead>
<tbody>
<tr class="tag-test-status" status="pass">
<td><span class="badge log pass-bg">Pass</span></td>
<td>03:00:58 AM</td>
<td>
<a href="#" class="linked" test-id='1' id='2'>Employee login successfully with valid credentials</a>
<div class="">
<span class="badge badge-default">Admin Portal Login.Employee login successfully with valid credentials</span>
</div>
</td>
</tr>
</tbody>
</table>
</div>
</li>
<li class="test-item">
<div class="test-detail">
<span class="meta">
<span class='badge log pass-bg'>1</span>
<span class='badge log badge-danger'>3</span>
</span>
<p class="name">@UserLogin</p>
<p class="duration text-sm">4 tests</p>
</div>
<div class="test-contents d-none">
<div class="info">
<h4>@UserLogin</h4>
<span status="pass" class='badge log pass-bg'>1 passed</span>
<span status="fail" class='badge log badge-danger'>3 failed</span>
</div>
<table class='table table-sm mt-4'>
<thead>
<tr>
<th class="status-col">Status</th>
<th class="timestamp-col">Timestamp</th>
<th>TestName</th>
</tr>
</thead>
<tbody>
<tr class="tag-test-status" status="fail">
<td><span class="badge log fail-bg">Fail</span></td>
<td>03:01:11 AM</td>
<td>
<a href="#" class="linked" test-id='7' id='8'>Check Thet User Can Applay For New Initial Approval Request Successfully</a>
<div class="">
<span class="badge badge-default">User Applay For New Initial Approval Request Successfully.Check Thet User Can Applay For New Initial Approval Request Successfully</span>
</div>
</td>
</tr>
<tr class="tag-test-status" status="fail">
<td><span class="badge log fail-bg">Fail</span></td>
<td>03:03:01 AM</td>
<td>
<a href="#" class="linked" test-id='27' id='28'>Check Thet User Applay For New International Travel Request Successfully</a>
<div class="">
<span class="badge badge-default">User Applay For New International Travel Request Successfully.Check Thet User Applay For New International Travel Request Successfully</span>
</div>
</td>
</tr>
<tr class="tag-test-status" status="fail">
<td><span class="badge log fail-bg">Fail</span></td>
<td>03:03:19 AM</td>
<td>
<a href="#" class="linked" test-id='32' id='33'>Check Thet User Can Applay For New Publishing Announcements for Private Schoolsl Request Successfully</a>
<div class="">
<span class="badge badge-default">User Applay For New Publishing Announcements for Private Schools Request Successfully.Check Thet User Can Applay For New Publishing Announcements for Private Schoolsl Request Successfully</span>
</div>
</td>
</tr>
<tr class="tag-test-status" status="pass">
<td><span class="badge log pass-bg">Pass</span></td>
<td>03:03:49 AM</td>
<td>
<a href="#" class="linked" test-id='39' id='40'>Login with valid credentials</a>
<div class="">
<span class="badge badge-default">APECO User Login.Login with valid credentials</span>
</div>
</td>
</tr>
</tbody>
</table>
</div>
</li>
</ul>
</div>
</div>
<div class="test-content scrollable">
<div class="test-content-detail">
<div class="detail-body"></div>
</div>
</div>
</div><div class="container-fluid p-4 view dashboard-view">
<div class="row">
<div class="col-md-3">
<div class="card"><div class="card-body">
<p class="m-b-0">Started</p>
<h3>Oct 22, 2024 03:00:57 AM</h3>
</div></div>
</div>
<div class="col-md-3">
<div class="card"><div class="card-body">
<p class="m-b-0">Ended</p>
<h3>Oct 22, 2024 03:03:58 AM</h3>
</div></div>
</div>
<div class="col-md-3">
<div class="card"><div class="card-body">
<p class="m-b-0 text-pass">Features Passed</p>
<h3>2</h3>
</div></div>
</div>
<div class="col-md-3">
<div class="card"><div class="card-body">
<p class="m-b-0 text-fail">Features Failed</p>
<h3>3</h3>
</div></div>
</div>
</div>
<div class="row">
<div class="col-md-4">
<div class="card">
<div class="card-header">
<h6 class="card-title">Features</h6>
</div>
<div class="card-body">
<div class="">
<canvas id='parent-analysis' width='115' height='90'></canvas>
</div>
</div>
<div class="card-footer">
<div><small data-tooltip='40%'>
<b>2</b> features passed
</small>
</div>
<div>
<small data-tooltip='60%'><b>3</b> features failed,
<b>0</b> skipped, <b data-tooltip='0%'>0</b> others
</small>
</div>
</div>
</div>
</div>
<div class="col-md-4">
<div class="card">
<div class="card-header">
<h6 class="card-title">Scenarios</h6>
</div>
<div class="card-body">
<div class="">
<canvas id='child-analysis' width='115' height='90'></canvas>
</div>
</div>
<div class="card-footer">
<div><small data-tooltip='40%'><b>2</b> scenarios passed</small></div>
<div>
<small data-tooltip='60%'><b>3</b> scenarios failed,
<b>0</b> skipped, <b data-tooltip='%'>0</b> others
</small>
</div>
</div>
</div>
</div>
<div class="col-md-4">
<div class="card">
<div class="card-header">
<h6 class="card-title">Steps</h6>
</div>
<div class="card-body">
<div class="">
<canvas id='grandchild-analysis' width='115' height='90'></canvas>
</div>
</div>
<div class="card-footer">
<div><small data-tooltip='86%'><b>25</b> steps passed</small></div>
<div>
<small data-tooltip='10%'><b>3</b> steps failed,
<b>1</b> skipped, <b data-tooltip='%'>0</b> others
</small>
</div>
</div>
</div>
</div>
</div>
<div class="row"><div class="col-md-12">
<div class="card"><div class="card-header"><p>Timeline</p></div>
<div class="card-body pt-0"><div>
<canvas id="timeline" height="120"></canvas>
</div></div>
</div>
</div></div>
<script>
var timeline = {
"Admin Portal Login":13.384,"User Applay For New Initial Approval Request Successfully":110.314,"User Applay For New International Travel Request Successfully":17.872,"User Applay For New Publishing Announcements for Private Schools Request Successfully":29.803,"APECO User Login":8.957
};
</script>
<div class="row">
<div class="col-lg-6 col-md-12 category-container">
<div class="card">
<div class="card-header"><p>Tags</p></div>
<div class="card-body pb-0 pt-0"><table class="table table-sm table-bordered">
<thead><tr class="bg-gray"><th>Name</th><th>Passed</th><th>Failed</th><th>Skipped</th><th>Others</th><th>Passed %</th></tr></thead><tbody>
<tr>
<td>@AdminLogin</td>
<td>1</td>
<td>0</td>
<td>0</td>
<td>0</td>
<td>100%</td>
</tr>
<tr>
<td>@UserLogin</td>
<td>1</td>
<td>3</td>
<td>0</td>
<td>0</td>
<td>25%</td>
</tr>
</tbody>
</table></div>
</div>
</div>
<div class="col-lg-6 col-md-12 sysenv-container">
<div class="card">
<div class="card-header"><p>System/Environment</p></div>
<div class="card-body pb-0 pt-0"><table class="table table-sm table-bordered">
<thead><tr class="bg-gray"><th>Name</th><th>Value</th></tr></thead>
<tbody>
<tr>
<td>version</td>
<td>11</td>
</tr>
<tr>
<td>os</td>
<td>windows</td>
</tr>
</tbody>
</table></div>
</div>
</div>
</div>
</div>
<script>
var statusGroup = {
parentCount: 5,
passParent: 2,
failParent: 3,
warningParent: 0,
skipParent: 0,
childCount: 5,
passChild: 2,
failChild: 3,
warningChild: 0,
skipChild: 0,
infoChild: 0,
grandChildCount: 5,
passGrandChild: 25,
failGrandChild: 3,
warningGrandChild: 0,
skipGrandChild: 1,
infoGrandChild: 0,
eventsCount: 5,
};
</script>        </div>
      </div>
    </div>
  </div>
<script src="https://cdn.jsdelivr.net/gh/extent-framework/extent-github-cdn@c05cd28cde1617b9d0c05a831daff6cb97fd9fd5/spark/js/spark-script.js"></script>
<script type="text/javascript"></script></body>
</html>